mode: set
Splitwise/model/expense.go:15.54,17.38 2 0
Splitwise/model/expense.go:20.2,20.30 1 0
Splitwise/model/expense.go:23.2,23.76 1 0
Splitwise/model/expense.go:17.38,19.3 1 0
Splitwise/model/expense.go:20.30,22.3 1 0
Splitwise/model/expense.go:26.56,28.45 2 0
Splitwise/model/expense.go:31.2,31.20 1 0
Splitwise/model/expense.go:34.2,34.56 1 0
Splitwise/model/expense.go:28.45,30.3 1 0
Splitwise/model/expense.go:31.20,33.3 1 0
Splitwise/model/split.go:8.50,10.2 1 0
Splitwise/model/split.go:17.68,19.2 1 0
Splitwise/model/user.go:9.59,11.2 1 1
Splitwise/repository/expense_repository.go:12.48,16.2 1 0
Splitwise/repository/expense_repository.go:24.68,26.8 2 0
Splitwise/repository/expense_repository.go:29.2,30.12 2 0
Splitwise/repository/expense_repository.go:26.8,28.3 1 0
Splitwise/repository/expense_repository.go:33.64,35.9 2 0
Splitwise/repository/expense_repository.go:38.2,38.22 1 0
Splitwise/repository/expense_repository.go:35.9,37.3 1 0
Splitwise/repository/expense_repository.go:41.49,43.9 2 0
Splitwise/repository/expense_repository.go:46.2,47.12 2 0
Splitwise/repository/expense_repository.go:43.9,45.3 1 0
Splitwise/repository/user_repository.go:13.42,17.2 3 1
Splitwise/repository/user_repository.go:29.52,31.8 2 1
Splitwise/repository/user_repository.go:34.2,36.12 3 1
Splitwise/repository/user_repository.go:31.8,33.3 1 0
Splitwise/repository/user_repository.go:39.58,41.9 2 1
Splitwise/repository/user_repository.go:44.2,44.19 1 1
Splitwise/repository/user_repository.go:41.9,43.3 1 0
Splitwise/repository/user_repository.go:47.53,49.2 1 1
Splitwise/repository/user_repository.go:51.65,52.36 1 1
Splitwise/repository/user_repository.go:57.2,57.57 1 0
Splitwise/repository/user_repository.go:52.36,53.19 1 1
Splitwise/repository/user_repository.go:53.19,55.4 1 1
Splitwise/repository/user_repository.go:60.57,62.2 1 0
Splitwise/repository/user_repository.go:64.73,65.36 1 1
Splitwise/repository/user_repository.go:71.2,71.54 1 0
Splitwise/repository/user_repository.go:65.36,66.19 1 1
Splitwise/repository/user_repository.go:66.19,69.4 2 1
Splitwise/repository/user_repository.go:74.46,76.9 2 0
Splitwise/repository/user_repository.go:79.2,80.12 2 0
Splitwise/repository/user_repository.go:76.9,78.3 1 0
Splitwise/service/user_service.go:12.64,14.2 1 1
Splitwise/service/user_service.go:24.53,26.2 1 1
Splitwise/service/user_service.go:28.63,30.2 1 0
Splitwise/service/user_service.go:32.51,34.2 1 0
Splitwise/service/user_service.go:36.66,38.2 1 0
Splitwise/service/user_service.go:40.54,43.39 3 0
Splitwise/service/user_service.go:48.2,48.17 1 0
Splitwise/service/user_service.go:43.39,47.3 3 0
Splitwise/service/expense_service.go:14.103,16.2 1 0
Splitwise/service/expense_service.go:26.65,28.29 1 0
Splitwise/service/expense_service.go:41.2,41.12 1 0
Splitwise/service/expense_service.go:28.29,30.3 1 0
Splitwise/service/expense_service.go:30.8,30.36 1 0
Splitwise/service/expense_service.go:30.36,31.58 1 0
Splitwise/service/expense_service.go:34.3,34.36 1 0
Splitwise/service/expense_service.go:31.58,33.4 1 0
Splitwise/service/expense_service.go:35.8,35.41 1 0
Splitwise/service/expense_service.go:35.41,36.60 1 0
Splitwise/service/expense_service.go:39.3,39.38 1 0
Splitwise/service/expense_service.go:36.60,38.4 1 0
Splitwise/service/expense_service.go:44.70,47.16 2 0
Splitwise/service/expense_service.go:50.2,51.37 2 0
Splitwise/service/expense_service.go:57.2,58.16 2 0
Splitwise/service/expense_service.go:61.2,61.12 1 0
Splitwise/service/expense_service.go:47.16,49.3 1 0
Splitwise/service/expense_service.go:51.37,53.17 2 0
Splitwise/service/expense_service.go:53.17,55.4 1 0
Splitwise/service/expense_service.go:58.16,60.3 1 0
Splitwise/service/expense_service.go:64.70,66.16 2 0
Splitwise/service/expense_service.go:69.2,69.38 1 0
Splitwise/service/expense_service.go:75.2,76.16 2 0
Splitwise/service/expense_service.go:79.2,79.12 1 0
Splitwise/service/expense_service.go:66.16,68.3 1 0
Splitwise/service/expense_service.go:69.38,71.17 2 0
Splitwise/service/expense_service.go:71.17,73.4 1 0
Splitwise/service/expense_service.go:76.16,78.3 1 0
Splitwise/service/expense_service.go:82.72,84.16 2 0
Splitwise/service/expense_service.go:87.2,87.45 1 0
Splitwise/service/expense_service.go:93.2,94.16 2 0
Splitwise/service/expense_service.go:97.2,97.12 1 0
Splitwise/service/expense_service.go:84.16,86.3 1 0
Splitwise/service/expense_service.go:87.45,89.17 2 0
Splitwise/service/expense_service.go:89.17,91.4 1 0
Splitwise/service/expense_service.go:94.16,96.3 1 0
Splitwise/service/expense_service.go:100.53,102.16 2 0
Splitwise/service/expense_service.go:105.2,106.29 2 0
Splitwise/service/expense_service.go:115.2,116.16 2 0
Splitwise/service/expense_service.go:119.2,119.12 1 0
Splitwise/service/expense_service.go:102.16,104.3 1 0
Splitwise/service/expense_service.go:106.29,109.3 2 0
Splitwise/service/expense_service.go:109.8,109.36 1 0
Splitwise/service/expense_service.go:109.36,111.3 1 0
Splitwise/service/expense_service.go:111.8,111.41 1 0
Splitwise/service/expense_service.go:111.41,114.3 2 0
Splitwise/service/expense_service.go:116.16,118.3 1 0
Splitwise/service/expense_service.go:122.73,124.16 2 0
Splitwise/service/expense_service.go:127.2,127.38 1 0
Splitwise/service/expense_service.go:133.2,133.12 1 0
Splitwise/service/expense_service.go:124.16,126.3 1 0
Splitwise/service/expense_service.go:127.38,129.17 2 0
Splitwise/service/expense_service.go:129.17,131.4 1 0
Splitwise/controller/expense_controller.go:16.94,21.2 1 1
Splitwise/controller/expense_controller.go:28.55,30.51 2 1
Splitwise/controller/expense_controller.go:34.2,36.16 3 1
Splitwise/controller/expense_controller.go:40.2,40.59 1 1
Splitwise/controller/expense_controller.go:30.51,33.3 2 0
Splitwise/controller/expense_controller.go:36.16,39.3 2 1
Splitwise/controller/expense_controller.go:43.58,49.16 5 1
Splitwise/controller/expense_controller.go:53.2,53.56 1 1
Splitwise/controller/expense_controller.go:49.16,52.3 2 0
Splitwise/controller/users_controller.go:21.62,25.2 1 1
Splitwise/controller/users_controller.go:31.49,34.48 2 1
Splitwise/controller/users_controller.go:40.2,41.16 2 1
Splitwise/controller/users_controller.go:45.2,45.56 1 1
Splitwise/controller/users_controller.go:34.48,39.3 2 0
Splitwise/controller/users_controller.go:41.16,44.3 2 0
Splitwise/controller/users_controller.go:48.49,53.16 4 1
Splitwise/controller/users_controller.go:57.2,58.46 2 1
Splitwise/controller/users_controller.go:53.16,56.3 2 0
Splitwise/controller/users_controller.go:61.52,66.16 4 1
Splitwise/controller/users_controller.go:70.2,70.53 1 1
Splitwise/controller/users_controller.go:66.16,69.3 2 0
Splitwise/controller/users_controller.go:73.56,78.16 5 1
Splitwise/controller/users_controller.go:82.2,82.18 1 1
Splitwise/controller/users_controller.go:78.16,81.3 2 0
Splitwise/controller/users_controller.go:82.18,84.3 1 1
Splitwise/controller/users_controller.go:84.8,86.3 1 0
Splitwise/controller/users_controller.go:89.55,93.35 3 0
Splitwise/controller/users_controller.go:100.2,100.33 1 0
Splitwise/controller/users_controller.go:93.35,94.26 1 0
Splitwise/controller/users_controller.go:94.26,96.4 1 0
Splitwise/controller/users_controller.go:96.9,98.4 1 0
